{"contracts\\interfaces\\IMetadataRegistry.sol":{"l":{},"path":"C:\\Users\\amir2\\Desktop\\conflux-bounties\\bounties\\09-contract-metadata-registry\\contracts\\contracts\\interfaces\\IMetadataRegistry.sol","s":{},"b":{},"f":{},"fnMap":{},"statementMap":{},"branchMap":{}},"contracts\\MetadataRegistry.sol":{"l":{"48":2,"52":1,"53":1,"54":1,"55":1,"57":1,"58":1,"59":1,"70":43,"71":42,"73":37,"77":4,"78":4,"80":4,"81":3,"83":2,"84":2,"86":2,"87":2,"101":2,"102":2,"104":2,"106":1,"107":1,"109":1,"118":2,"119":1,"121":1,"128":4,"130":3,"131":3,"133":3,"134":0,"137":3,"139":2,"141":2,"148":3,"149":3,"151":3,"153":2,"155":2,"163":6,"164":5,"165":5,"167":4,"169":4,"176":2,"177":2,"179":1,"181":1,"187":14,"188":14,"195":3,"196":3,"204":38,"206":38,"207":38,"209":38,"210":29,"213":38,"214":38,"215":38,"216":38,"217":38,"218":38,"219":38,"220":38,"221":38,"222":38,"224":38,"233":43,"235":42,"239":34,"242":8,"243":1,"246":7,"257":7,"258":7,"260":7,"261":1,"264":6,"265":6,"267":6,"268":2,"271":4,"272":4,"276":72,"277":72,"279":72,"280":72,"282":71,"286":14,"287":14,"288":2,"289":2,"293":10,"294":10,"295":10,"297":0,"301":45},"path":"C:\\Users\\amir2\\Desktop\\conflux-bounties\\bounties\\09-contract-metadata-registry\\contracts\\contracts\\MetadataRegistry.sol","s":{"1":2,"2":1,"3":1,"4":1,"5":1,"6":1,"7":1,"8":1,"9":43,"10":42,"11":37,"12":4,"13":4,"14":4,"15":3,"16":2,"17":2,"18":2,"19":2,"20":2,"21":1,"22":2,"23":1,"24":1,"25":4,"26":3,"27":3,"28":3,"29":3,"30":2,"31":3,"32":3,"33":3,"34":2,"35":6,"36":5,"37":5,"38":4,"39":2,"40":2,"41":1,"42":14,"43":14,"44":3,"45":3,"46":38,"47":38,"48":38,"49":38,"50":38,"51":43,"52":42,"53":34,"54":8,"55":7,"56":7,"57":7,"58":7,"59":6,"60":6,"61":6,"62":4,"63":72,"64":72,"65":72,"66":72,"67":71,"68":14,"69":14,"70":12,"71":2,"72":0,"73":2,"74":10,"75":10,"76":10,"77":0,"78":45},"b":{"1":[1,1],"2":[1,1],"3":[4,1],"4":[1,3],"5":[1,2],"6":[2,1],"7":[1,1],"8":[1,3],"9":[0,3],"10":[1,2],"11":[1,2],"12":[1,5],"13":[1,4],"14":[1,1],"15":[29,9],"16":[34,8],"17":[34,0],"18":[1,7],"19":[1,6],"20":[2,4],"21":[0,72],"22":[0,0],"23":[1,71],"24":[12,2],"25":[0,2],"26":[10,0],"27":[2,43]},"f":{"1":2,"2":1,"3":1,"4":43,"5":4,"6":2,"7":2,"8":4,"9":3,"10":6,"11":2,"12":14,"13":3,"14":38,"15":43,"16":72,"17":14,"18":10,"19":45},"fnMap":{"1":{"name":"constructor","line":47,"loc":{"start":{"line":47,"column":4},"end":{"line":49,"column":4}}},"2":{"name":"initialize","line":51,"loc":{"start":{"line":51,"column":4},"end":{"line":60,"column":4}}},"3":{"name":"_authorizeUpgrade","line":62,"loc":{"start":{"line":62,"column":4},"end":{"line":62,"column":101}}},"4":{"name":"submitMetadata","line":64,"loc":{"start":{"line":64,"column":4},"end":{"line":74,"column":4}}},"5":{"name":"approve","line":76,"loc":{"start":{"line":76,"column":4},"end":{"line":94,"column":4}}},"6":{"name":"reject","line":100,"loc":{"start":{"line":96,"column":4},"end":{"line":110,"column":4}}},"7":{"name":"updateMetadata","line":112,"loc":{"start":{"line":112,"column":4},"end":{"line":122,"column":4}}},"8":{"name":"transferOwnership","line":124,"loc":{"start":{"line":124,"column":4},"end":{"line":142,"column":4}}},"9":{"name":"setResolver","line":144,"loc":{"start":{"line":144,"column":4},"end":{"line":156,"column":4}}},"10":{"name":"addDelegate","line":158,"loc":{"start":{"line":158,"column":4},"end":{"line":170,"column":4}}},"11":{"name":"removeDelegate","line":172,"loc":{"start":{"line":172,"column":4},"end":{"line":182,"column":4}}},"12":{"name":"getRecord","line":184,"loc":{"start":{"line":184,"column":4},"end":{"line":189,"column":4}}},"13":{"name":"getRecordByVersion","line":191,"loc":{"start":{"line":191,"column":4},"end":{"line":197,"column":4}}},"14":{"name":"_recordSubmission","line":199,"loc":{"start":{"line":199,"column":4},"end":{"line":225,"column":4}}},"15":{"name":"_verifyOwnership","line":227,"loc":{"start":{"line":227,"column":4},"end":{"line":273,"column":4}}},"16":{"name":"_readOwnerFromContract","line":275,"loc":{"start":{"line":275,"column":4},"end":{"line":283,"column":4}}},"17":{"name":"_isActiveDelegate","line":285,"loc":{"start":{"line":285,"column":4},"end":{"line":290,"column":4}}},"18":{"name":"_getOwnerForContract","line":292,"loc":{"start":{"line":292,"column":4},"end":{"line":298,"column":4}}},"19":{"name":"_requireValidContract","line":300,"loc":{"start":{"line":300,"column":4},"end":{"line":302,"column":4}}}},"statementMap":{"1":{"start":{"line":48,"column":8},"end":{"line":48,"column":29}},"2":{"start":{"line":52,"column":8},"end":{"line":52,"column":29}},"3":{"start":{"line":53,"column":8},"end":{"line":53,"column":28}},"4":{"start":{"line":54,"column":8},"end":{"line":54,"column":31}},"5":{"start":{"line":55,"column":8},"end":{"line":55,"column":52}},"6":{"start":{"line":57,"column":8},"end":{"line":57,"column":44}},"7":{"start":{"line":58,"column":8},"end":{"line":58,"column":39}},"8":{"start":{"line":59,"column":8},"end":{"line":59,"column":44}},"9":{"start":{"line":70,"column":8},"end":{"line":70,"column":45}},"10":{"start":{"line":71,"column":8},"end":{"line":71,"column":79}},"11":{"start":{"line":73,"column":8},"end":{"line":73,"column":64}},"12":{"start":{"line":77,"column":8},"end":{"line":77,"column":72}},"13":{"start":{"line":78,"column":8},"end":{"line":78,"column":63}},"14":{"start":{"line":80,"column":8},"end":{"line":80,"column":78}},"15":{"start":{"line":81,"column":8},"end":{"line":81,"column":56}},"16":{"start":{"line":86,"column":8},"end":{"line":86,"column":67}},"17":{"start":{"line":87,"column":8},"end":{"line":87,"column":3188}},"18":{"start":{"line":101,"column":8},"end":{"line":101,"column":72}},"19":{"start":{"line":102,"column":8},"end":{"line":102,"column":63}},"20":{"start":{"line":104,"column":8},"end":{"line":104,"column":56}},"21":{"start":{"line":109,"column":8},"end":{"line":109,"column":78}},"22":{"start":{"line":118,"column":8},"end":{"line":118,"column":45}},"23":{"start":{"line":119,"column":8},"end":{"line":119,"column":77}},"24":{"start":{"line":121,"column":8},"end":{"line":121,"column":62}},"25":{"start":{"line":128,"column":8},"end":{"line":128,"column":56}},"26":{"start":{"line":130,"column":8},"end":{"line":130,"column":72}},"27":{"start":{"line":131,"column":8},"end":{"line":131,"column":49}},"28":{"start":{"line":133,"column":8},"end":{"line":133,"column":4672}},"29":{"start":{"line":137,"column":8},"end":{"line":137,"column":65}},"30":{"start":{"line":141,"column":8},"end":{"line":141,"column":85}},"31":{"start":{"line":148,"column":8},"end":{"line":148,"column":72}},"32":{"start":{"line":149,"column":8},"end":{"line":149,"column":72}},"33":{"start":{"line":151,"column":8},"end":{"line":151,"column":69}},"34":{"start":{"line":155,"column":8},"end":{"line":155,"column":51}},"35":{"start":{"line":163,"column":8},"end":{"line":163,"column":56}},"36":{"start":{"line":164,"column":8},"end":{"line":164,"column":72}},"37":{"start":{"line":165,"column":8},"end":{"line":165,"column":69}},"38":{"start":{"line":169,"column":8},"end":{"line":169,"column":61}},"39":{"start":{"line":176,"column":8},"end":{"line":176,"column":72}},"40":{"start":{"line":177,"column":8},"end":{"line":177,"column":69}},"41":{"start":{"line":181,"column":8},"end":{"line":181,"column":55}},"42":{"start":{"line":187,"column":8},"end":{"line":187,"column":72}},"43":{"start":{"line":188,"column":8},"end":{"line":188,"column":51}},"44":{"start":{"line":195,"column":8},"end":{"line":195,"column":72}},"45":{"start":{"line":196,"column":8},"end":{"line":196,"column":38}},"46":{"start":{"line":204,"column":8},"end":{"line":204,"column":72}},"47":{"start":{"line":206,"column":8},"end":{"line":206,"column":52}},"48":{"start":{"line":209,"column":8},"end":{"line":209,"column":7221}},"49":{"start":{"line":213,"column":8},"end":{"line":213,"column":66}},"50":{"start":{"line":224,"column":8},"end":{"line":224,"column":94}},"51":{"start":{"line":233,"column":8},"end":{"line":233,"column":75}},"52":{"start":{"line":235,"column":8},"end":{"line":235,"column":8212}},"53":{"start":{"line":239,"column":12},"end":{"line":239,"column":18}},"54":{"start":{"line":242,"column":8},"end":{"line":242,"column":8381}},"55":{"start":{"line":246,"column":8},"end":{"line":246,"column":8493}},"56":{"start":{"line":257,"column":8},"end":{"line":257,"column":56}},"57":{"start":{"line":258,"column":8},"end":{"line":258,"column":103}},"58":{"start":{"line":260,"column":8},"end":{"line":260,"column":8981}},"59":{"start":{"line":264,"column":8},"end":{"line":264,"column":56}},"60":{"start":{"line":265,"column":8},"end":{"line":265,"column":74}},"61":{"start":{"line":267,"column":8},"end":{"line":267,"column":9229}},"62":{"start":{"line":272,"column":8},"end":{"line":272,"column":52}},"63":{"start":{"line":276,"column":8},"end":{"line":276,"column":97}},"64":{"start":{"line":277,"column":8},"end":{"line":277,"column":67}},"65":{"start":{"line":279,"column":8},"end":{"line":279,"column":51}},"66":{"start":{"line":280,"column":8},"end":{"line":280,"column":58}},"67":{"start":{"line":282,"column":8},"end":{"line":282,"column":20}},"68":{"start":{"line":286,"column":8},"end":{"line":286,"column":72}},"69":{"start":{"line":287,"column":8},"end":{"line":287,"column":38}},"70":{"start":{"line":287,"column":26},"end":{"line":287,"column":38}},"71":{"start":{"line":288,"column":8},"end":{"line":288,"column":75}},"72":{"start":{"line":288,"column":63},"end":{"line":288,"column":75}},"73":{"start":{"line":289,"column":8},"end":{"line":289,"column":19}},"74":{"start":{"line":293,"column":8},"end":{"line":293,"column":72}},"75":{"start":{"line":294,"column":8},"end":{"line":294,"column":10365}},"76":{"start":{"line":295,"column":12},"end":{"line":295,"column":37}},"77":{"start":{"line":297,"column":8},"end":{"line":297,"column":54}},"78":{"start":{"line":301,"column":8},"end":{"line":301,"column":74}}},"branchMap":{"1":{"line":51,"type":"if","locations":[{"start":{"line":51,"column":65},"end":{"line":51,"column":65}},{"start":{"line":51,"column":65},"end":{"line":51,"column":65}}]},"2":{"line":62,"type":"if","locations":[{"start":{"line":62,"column":76},"end":{"line":62,"column":76}},{"start":{"line":62,"column":76},"end":{"line":62,"column":76}}]},"3":{"line":76,"type":"if","locations":[{"start":{"line":76,"column":80},"end":{"line":76,"column":80}},{"start":{"line":76,"column":80},"end":{"line":76,"column":80}}]},"4":{"line":80,"type":"if","locations":[{"start":{"line":80,"column":8},"end":{"line":80,"column":8}},{"start":{"line":80,"column":8},"end":{"line":80,"column":8}}]},"5":{"line":81,"type":"if","locations":[{"start":{"line":81,"column":8},"end":{"line":81,"column":8}},{"start":{"line":81,"column":8},"end":{"line":81,"column":8}}]},"6":{"line":100,"type":"if","locations":[{"start":{"line":100,"column":24},"end":{"line":100,"column":24}},{"start":{"line":100,"column":24},"end":{"line":100,"column":24}}]},"7":{"line":104,"type":"if","locations":[{"start":{"line":104,"column":8},"end":{"line":104,"column":8}},{"start":{"line":104,"column":8},"end":{"line":104,"column":8}}]},"8":{"line":128,"type":"if","locations":[{"start":{"line":128,"column":8},"end":{"line":128,"column":8}},{"start":{"line":128,"column":8},"end":{"line":128,"column":8}}]},"9":{"line":133,"type":"if","locations":[{"start":{"line":133,"column":8},"end":{"line":133,"column":8}},{"start":{"line":133,"column":8},"end":{"line":133,"column":8}}]},"10":{"line":137,"type":"if","locations":[{"start":{"line":137,"column":8},"end":{"line":137,"column":8}},{"start":{"line":137,"column":8},"end":{"line":137,"column":8}}]},"11":{"line":151,"type":"if","locations":[{"start":{"line":151,"column":8},"end":{"line":151,"column":8}},{"start":{"line":151,"column":8},"end":{"line":151,"column":8}}]},"12":{"line":163,"type":"if","locations":[{"start":{"line":163,"column":8},"end":{"line":163,"column":8}},{"start":{"line":163,"column":8},"end":{"line":163,"column":8}}]},"13":{"line":165,"type":"if","locations":[{"start":{"line":165,"column":8},"end":{"line":165,"column":8}},{"start":{"line":165,"column":8},"end":{"line":165,"column":8}}]},"14":{"line":177,"type":"if","locations":[{"start":{"line":177,"column":8},"end":{"line":177,"column":8}},{"start":{"line":177,"column":8},"end":{"line":177,"column":8}}]},"15":{"line":209,"type":"if","locations":[{"start":{"line":209,"column":8},"end":{"line":209,"column":8}},{"start":{"line":209,"column":8},"end":{"line":209,"column":8}}]},"16":{"line":235,"type":"if","locations":[{"start":{"line":235,"column":8},"end":{"line":235,"column":8}},{"start":{"line":235,"column":8},"end":{"line":235,"column":8}}]},"17":{"line":236,"type":"cond-expr","locations":[{"start":{"line":236,"column":12},"end":{"line":236,"column":42}},{"start":{"line":237,"column":12},"end":{"line":237,"column":57}}]},"18":{"line":242,"type":"if","locations":[{"start":{"line":242,"column":8},"end":{"line":242,"column":8}},{"start":{"line":242,"column":8},"end":{"line":242,"column":8}}]},"19":{"line":260,"type":"if","locations":[{"start":{"line":260,"column":8},"end":{"line":260,"column":8}},{"start":{"line":260,"column":8},"end":{"line":260,"column":8}}]},"20":{"line":267,"type":"if","locations":[{"start":{"line":267,"column":8},"end":{"line":267,"column":8}},{"start":{"line":267,"column":8},"end":{"line":267,"column":8}}]},"21":{"line":277,"type":"if","locations":[{"start":{"line":277,"column":8},"end":{"line":277,"column":8}},{"start":{"line":277,"column":8},"end":{"line":277,"column":8}}]},"22":{"line":277,"type":"cond-expr","locations":[{"start":{"line":277,"column":12},"end":{"line":277,"column":19}},{"start":{"line":277,"column":24},"end":{"line":277,"column":39}}]},"23":{"line":280,"type":"if","locations":[{"start":{"line":280,"column":8},"end":{"line":280,"column":8}},{"start":{"line":280,"column":8},"end":{"line":280,"column":8}}]},"24":{"line":287,"type":"if","locations":[{"start":{"line":287,"column":8},"end":{"line":287,"column":8}},{"start":{"line":287,"column":8},"end":{"line":287,"column":8}}]},"25":{"line":288,"type":"if","locations":[{"start":{"line":288,"column":8},"end":{"line":288,"column":8}},{"start":{"line":288,"column":8},"end":{"line":288,"column":8}}]},"26":{"line":294,"type":"if","locations":[{"start":{"line":294,"column":8},"end":{"line":294,"column":8}},{"start":{"line":294,"column":8},"end":{"line":294,"column":8}}]},"27":{"line":301,"type":"if","locations":[{"start":{"line":301,"column":8},"end":{"line":301,"column":8}},{"start":{"line":301,"column":8},"end":{"line":301,"column":8}}]}}},"contracts\\mocks\\MockOwnable.sol":{"l":{"8":3,"12":1},"path":"C:\\Users\\amir2\\Desktop\\conflux-bounties\\bounties\\09-contract-metadata-registry\\contracts\\contracts\\mocks\\MockOwnable.sol","s":{},"b":{},"f":{"1":3,"2":1},"fnMap":{"1":{"name":"constructor","line":7,"loc":{"start":{"line":7,"column":4},"end":{"line":9,"column":4}}},"2":{"name":"setOwner","line":11,"loc":{"start":{"line":11,"column":4},"end":{"line":13,"column":4}}}},"statementMap":{},"branchMap":{}}}