{"src\\DynamicFeeManager.sol":{"l":{"29":21,"30":20,"41":22,"42":21,"43":20,"44":19,"46":18,"54":18,"64":9,"65":9,"67":8,"68":8,"70":8,"72":8,"73":2,"75":6,"78":8,"87":3,"88":3,"90":2,"91":2,"93":2,"94":1,"96":1},"path":"C:\\Users\\amir2\\OneDrive\\دسکتاپ\\pyth-oracle-dapp\\bounties\\03-pyth-price-feed-demo\\contracts\\src\\DynamicFeeManager.sol","s":{"1":21,"2":22,"3":21,"4":20,"5":19,"6":18,"7":9,"8":9,"9":8,"10":8,"11":8,"12":8,"13":3,"14":3,"15":2,"16":2,"17":2},"b":{"1":[20,1],"2":[22,1],"3":[21,1],"4":[20,1],"5":[19,1],"6":[18,1],"7":[8,1],"8":[2,6],"9":[1,1],"10":[2,1],"11":[1,1],"12":[1,0]},"f":{"1":21,"2":22,"3":9,"4":3},"fnMap":{"1":{"name":"constructor","line":28,"loc":{"start":{"line":28,"column":4},"end":{"line":31,"column":4}}},"2":{"name":"configureFee","line":40,"loc":{"start":{"line":33,"column":4},"end":{"line":55,"column":4}}},"3":{"name":"calculateFee","line":63,"loc":{"start":{"line":63,"column":4},"end":{"line":79,"column":4}}},"4":{"name":"getCurrentFeeRate","line":86,"loc":{"start":{"line":86,"column":4},"end":{"line":98,"column":4}}}},"statementMap":{"1":{"start":{"line":29,"column":8},"end":{"line":29,"column":66}},"2":{"start":{"line":41,"column":8},"end":{"line":41,"column":60}},"3":{"start":{"line":42,"column":8},"end":{"line":42,"column":79}},"4":{"start":{"line":43,"column":8},"end":{"line":43,"column":81}},"5":{"start":{"line":44,"column":8},"end":{"line":44,"column":66}},"6":{"start":{"line":54,"column":8},"end":{"line":54,"column":44}},"7":{"start":{"line":64,"column":8},"end":{"line":64,"column":53}},"8":{"start":{"line":65,"column":8},"end":{"line":65,"column":56}},"9":{"start":{"line":67,"column":8},"end":{"line":67,"column":69}},"10":{"start":{"line":68,"column":8},"end":{"line":68,"column":59}},"11":{"start":{"line":70,"column":8},"end":{"line":70,"column":23}},"12":{"start":{"line":72,"column":8},"end":{"line":72,"column":2526}},"13":{"start":{"line":87,"column":8},"end":{"line":87,"column":53}},"14":{"start":{"line":88,"column":8},"end":{"line":88,"column":56}},"15":{"start":{"line":90,"column":8},"end":{"line":90,"column":69}},"16":{"start":{"line":91,"column":8},"end":{"line":91,"column":59}},"17":{"start":{"line":93,"column":8},"end":{"line":93,"column":3346}}},"branchMap":{"1":{"line":29,"type":"if","locations":[{"start":{"line":29,"column":8},"end":{"line":29,"column":8}},{"start":{"line":29,"column":8},"end":{"line":29,"column":8}}]},"2":{"line":40,"type":"if","locations":[{"start":{"line":40,"column":15},"end":{"line":40,"column":15}},{"start":{"line":40,"column":15},"end":{"line":40,"column":15}}]},"3":{"line":41,"type":"if","locations":[{"start":{"line":41,"column":8},"end":{"line":41,"column":8}},{"start":{"line":41,"column":8},"end":{"line":41,"column":8}}]},"4":{"line":42,"type":"if","locations":[{"start":{"line":42,"column":8},"end":{"line":42,"column":8}},{"start":{"line":42,"column":8},"end":{"line":42,"column":8}}]},"5":{"line":43,"type":"if","locations":[{"start":{"line":43,"column":8},"end":{"line":43,"column":8}},{"start":{"line":43,"column":8},"end":{"line":43,"column":8}}]},"6":{"line":44,"type":"if","locations":[{"start":{"line":44,"column":8},"end":{"line":44,"column":8}},{"start":{"line":44,"column":8},"end":{"line":44,"column":8}}]},"7":{"line":65,"type":"if","locations":[{"start":{"line":65,"column":8},"end":{"line":65,"column":8}},{"start":{"line":65,"column":8},"end":{"line":65,"column":8}}]},"8":{"line":72,"type":"if","locations":[{"start":{"line":72,"column":8},"end":{"line":72,"column":8}},{"start":{"line":72,"column":8},"end":{"line":72,"column":8}}]},"9":{"line":72,"type":"cond-expr","locations":[{"start":{"line":72,"column":12},"end":{"line":72,"column":45}},{"start":{"line":72,"column":50},"end":{"line":72,"column":84}}]},"10":{"line":88,"type":"if","locations":[{"start":{"line":88,"column":8},"end":{"line":88,"column":8}},{"start":{"line":88,"column":8},"end":{"line":88,"column":8}}]},"11":{"line":93,"type":"if","locations":[{"start":{"line":93,"column":8},"end":{"line":93,"column":8}},{"start":{"line":93,"column":8},"end":{"line":93,"column":8}}]},"12":{"line":93,"type":"cond-expr","locations":[{"start":{"line":93,"column":12},"end":{"line":93,"column":45}},{"start":{"line":93,"column":50},"end":{"line":93,"column":84}}]}}},"src\\MockLendingProtocol.sol":{"l":{"42":27,"43":26,"51":25,"52":24,"53":23,"55":22,"57":22,"67":22,"69":22,"70":22,"72":22,"76":8,"77":8,"79":7,"80":7,"82":7,"83":7,"85":7,"87":7,"91":4,"92":4,"94":3,"95":3,"97":2,"98":2,"100":2,"102":2,"103":2,"105":2,"109":11,"110":11,"111":10,"112":9,"114":8,"115":8,"117":8,"118":8,"120":8,"121":1,"122":1,"125":8,"129":1,"138":2,"139":2,"141":1,"142":1,"144":1,"145":1,"147":1,"148":0,"150":1,"155":3,"157":3,"158":4,"159":3,"163":3,"164":3,"166":3,"167":4,"168":3,"169":3,"173":3},"path":"C:\\Users\\amir2\\OneDrive\\دسکتاپ\\pyth-oracle-dapp\\bounties\\03-pyth-price-feed-demo\\contracts\\src\\MockLendingProtocol.sol","s":{"1":27,"2":25,"3":24,"4":23,"5":22,"6":22,"7":22,"8":22,"9":8,"10":8,"11":7,"12":7,"13":7,"14":7,"15":7,"16":0,"17":4,"18":4,"19":3,"20":3,"21":2,"22":2,"23":2,"24":2,"25":2,"26":11,"27":11,"28":10,"29":9,"30":8,"31":8,"32":8,"33":8,"34":1,"35":8,"36":1,"37":2,"38":1,"39":1,"40":1,"41":3,"42":3,"43":4,"44":3,"45":3,"46":3,"47":4,"48":3},"b":{"1":[26,1],"2":[25,0],"3":[24,1],"4":[23,1],"5":[22,1],"6":[22,0],"7":[7,1],"8":[0,7],"9":[4,0],"10":[3,1],"11":[2,1],"12":[2,0],"13":[11,0],"14":[10,1],"15":[9,1],"16":[8,1],"17":[8,0],"18":[1,7],"19":[1,0],"20":[1,1],"21":[0,1],"22":[3,1],"23":[3,1]},"f":{"1":27,"2":25,"3":8,"4":4,"5":11,"6":1,"7":2,"8":3},"fnMap":{"1":{"name":"constructor","line":41,"loc":{"start":{"line":41,"column":4},"end":{"line":44,"column":4}}},"2":{"name":"openPosition","line":50,"loc":{"start":{"line":46,"column":4},"end":{"line":73,"column":4}}},"3":{"name":"getHealthRatio","line":75,"loc":{"start":{"line":75,"column":4},"end":{"line":88,"column":4}}},"4":{"name":"liquidate","line":90,"loc":{"start":{"line":90,"column":4},"end":{"line":106,"column":4}}},"5":{"name":"repayPosition","line":108,"loc":{"start":{"line":108,"column":4},"end":{"line":126,"column":4}}},"6":{"name":"getUserPositions","line":128,"loc":{"start":{"line":128,"column":4},"end":{"line":130,"column":4}}},"7":{"name":"getPositionDetails","line":132,"loc":{"start":{"line":132,"column":4},"end":{"line":152,"column":4}}},"8":{"name":"getAllActivePositions","line":154,"loc":{"start":{"line":154,"column":4},"end":{"line":174,"column":4}}}},"statementMap":{"1":{"start":{"line":42,"column":8},"end":{"line":42,"column":66}},"2":{"start":{"line":51,"column":8},"end":{"line":51,"column":55}},"3":{"start":{"line":52,"column":8},"end":{"line":52,"column":57}},"4":{"start":{"line":53,"column":8},"end":{"line":53,"column":79}},"5":{"start":{"line":67,"column":8},"end":{"line":67,"column":49}},"6":{"start":{"line":69,"column":8},"end":{"line":69,"column":76}},"7":{"start":{"line":70,"column":8},"end":{"line":70,"column":42}},"8":{"start":{"line":72,"column":8},"end":{"line":72,"column":76}},"9":{"start":{"line":76,"column":8},"end":{"line":76,"column":56}},"10":{"start":{"line":77,"column":8},"end":{"line":77,"column":54}},"11":{"start":{"line":79,"column":8},"end":{"line":79,"column":96}},"12":{"start":{"line":80,"column":8},"end":{"line":80,"column":88}},"13":{"start":{"line":82,"column":8},"end":{"line":82,"column":100}},"14":{"start":{"line":83,"column":8},"end":{"line":83,"column":88}},"15":{"start":{"line":85,"column":8},"end":{"line":85,"column":54}},"16":{"start":{"line":85,"column":30},"end":{"line":85,"column":54}},"17":{"start":{"line":91,"column":8},"end":{"line":91,"column":57}},"18":{"start":{"line":92,"column":8},"end":{"line":92,"column":54}},"19":{"start":{"line":94,"column":8},"end":{"line":94,"column":56}},"20":{"start":{"line":95,"column":8},"end":{"line":95,"column":74}},"21":{"start":{"line":97,"column":8},"end":{"line":97,"column":86}},"22":{"start":{"line":98,"column":8},"end":{"line":98,"column":68}},"23":{"start":{"line":102,"column":8},"end":{"line":102,"column":80}},"24":{"start":{"line":103,"column":8},"end":{"line":103,"column":42}},"25":{"start":{"line":105,"column":8},"end":{"line":105,"column":74}},"26":{"start":{"line":109,"column":8},"end":{"line":109,"column":57}},"27":{"start":{"line":110,"column":8},"end":{"line":110,"column":54}},"28":{"start":{"line":111,"column":8},"end":{"line":111,"column":69}},"29":{"start":{"line":112,"column":8},"end":{"line":112,"column":76}},"30":{"start":{"line":114,"column":8},"end":{"line":114,"column":62}},"31":{"start":{"line":117,"column":8},"end":{"line":117,"column":82}},"32":{"start":{"line":118,"column":8},"end":{"line":118,"column":42}},"33":{"start":{"line":120,"column":8},"end":{"line":120,"column":4752}},"34":{"start":{"line":122,"column":12},"end":{"line":122,"column":44}},"35":{"start":{"line":125,"column":8},"end":{"line":125,"column":51}},"36":{"start":{"line":129,"column":8},"end":{"line":129,"column":34}},"37":{"start":{"line":139,"column":8},"end":{"line":139,"column":54}},"38":{"start":{"line":141,"column":8},"end":{"line":141,"column":96}},"39":{"start":{"line":142,"column":8},"end":{"line":142,"column":88}},"40":{"start":{"line":147,"column":8},"end":{"line":147,"column":5888}},"41":{"start":{"line":155,"column":8},"end":{"line":155,"column":31}},"42":{"start":{"line":157,"column":8},"end":{"line":157,"column":6209}},"43":{"start":{"line":158,"column":12},"end":{"line":158,"column":6273}},"44":{"start":{"line":163,"column":8},"end":{"line":163,"column":69}},"45":{"start":{"line":164,"column":8},"end":{"line":164,"column":25}},"46":{"start":{"line":166,"column":8},"end":{"line":166,"column":6483}},"47":{"start":{"line":167,"column":12},"end":{"line":167,"column":6547}},"48":{"start":{"line":173,"column":8},"end":{"line":173,"column":30}}},"branchMap":{"1":{"line":42,"type":"if","locations":[{"start":{"line":42,"column":8},"end":{"line":42,"column":8}},{"start":{"line":42,"column":8},"end":{"line":42,"column":8}}]},"2":{"line":50,"type":"if","locations":[{"start":{"line":50,"column":23},"end":{"line":50,"column":23}},{"start":{"line":50,"column":23},"end":{"line":50,"column":23}}]},"3":{"line":51,"type":"if","locations":[{"start":{"line":51,"column":8},"end":{"line":51,"column":8}},{"start":{"line":51,"column":8},"end":{"line":51,"column":8}}]},"4":{"line":52,"type":"if","locations":[{"start":{"line":52,"column":8},"end":{"line":52,"column":8}},{"start":{"line":52,"column":8},"end":{"line":52,"column":8}}]},"5":{"line":53,"type":"if","locations":[{"start":{"line":53,"column":8},"end":{"line":53,"column":8}},{"start":{"line":53,"column":8},"end":{"line":53,"column":8}}]},"6":{"line":70,"type":"if","locations":[{"start":{"line":70,"column":8},"end":{"line":70,"column":8}},{"start":{"line":70,"column":8},"end":{"line":70,"column":8}}]},"7":{"line":77,"type":"if","locations":[{"start":{"line":77,"column":8},"end":{"line":77,"column":8}},{"start":{"line":77,"column":8},"end":{"line":77,"column":8}}]},"8":{"line":85,"type":"if","locations":[{"start":{"line":85,"column":8},"end":{"line":85,"column":8}},{"start":{"line":85,"column":8},"end":{"line":85,"column":8}}]},"9":{"line":90,"type":"if","locations":[{"start":{"line":90,"column":52},"end":{"line":90,"column":52}},{"start":{"line":90,"column":52},"end":{"line":90,"column":52}}]},"10":{"line":92,"type":"if","locations":[{"start":{"line":92,"column":8},"end":{"line":92,"column":8}},{"start":{"line":92,"column":8},"end":{"line":92,"column":8}}]},"11":{"line":95,"type":"if","locations":[{"start":{"line":95,"column":8},"end":{"line":95,"column":8}},{"start":{"line":95,"column":8},"end":{"line":95,"column":8}}]},"12":{"line":103,"type":"if","locations":[{"start":{"line":103,"column":8},"end":{"line":103,"column":8}},{"start":{"line":103,"column":8},"end":{"line":103,"column":8}}]},"13":{"line":108,"type":"if","locations":[{"start":{"line":108,"column":64},"end":{"line":108,"column":64}},{"start":{"line":108,"column":64},"end":{"line":108,"column":64}}]},"14":{"line":110,"type":"if","locations":[{"start":{"line":110,"column":8},"end":{"line":110,"column":8}},{"start":{"line":110,"column":8},"end":{"line":110,"column":8}}]},"15":{"line":111,"type":"if","locations":[{"start":{"line":111,"column":8},"end":{"line":111,"column":8}},{"start":{"line":111,"column":8},"end":{"line":111,"column":8}}]},"16":{"line":112,"type":"if","locations":[{"start":{"line":112,"column":8},"end":{"line":112,"column":8}},{"start":{"line":112,"column":8},"end":{"line":112,"column":8}}]},"17":{"line":118,"type":"if","locations":[{"start":{"line":118,"column":8},"end":{"line":118,"column":8}},{"start":{"line":118,"column":8},"end":{"line":118,"column":8}}]},"18":{"line":120,"type":"if","locations":[{"start":{"line":120,"column":8},"end":{"line":120,"column":8}},{"start":{"line":120,"column":8},"end":{"line":120,"column":8}}]},"19":{"line":122,"type":"if","locations":[{"start":{"line":122,"column":12},"end":{"line":122,"column":12}},{"start":{"line":122,"column":12},"end":{"line":122,"column":12}}]},"20":{"line":139,"type":"if","locations":[{"start":{"line":139,"column":8},"end":{"line":139,"column":8}},{"start":{"line":139,"column":8},"end":{"line":139,"column":8}}]},"21":{"line":147,"type":"if","locations":[{"start":{"line":147,"column":8},"end":{"line":147,"column":8}},{"start":{"line":147,"column":8},"end":{"line":147,"column":8}}]},"22":{"line":158,"type":"if","locations":[{"start":{"line":158,"column":12},"end":{"line":158,"column":12}},{"start":{"line":158,"column":12},"end":{"line":158,"column":12}}]},"23":{"line":167,"type":"if","locations":[{"start":{"line":167,"column":12},"end":{"line":167,"column":12}},{"start":{"line":167,"column":12},"end":{"line":167,"column":12}}]}}},"src\\mocks\\MockPyth.sol":{"l":{"17":379,"26":104,"30":13,"31":13,"32":8,"36":1,"40":1,"44":1,"48":1,"56":1,"65":1,"74":1,"78":1},"path":"C:\\Users\\amir2\\OneDrive\\دسکتاپ\\pyth-oracle-dapp\\bounties\\03-pyth-price-feed-demo\\contracts\\src\\mocks\\MockPyth.sol","s":{"1":104,"2":13,"3":13,"4":8,"5":1,"6":1,"7":1,"8":1,"9":1,"10":1,"11":1,"12":1},"b":{"1":[8,5]},"f":{"1":379,"2":104,"3":13,"4":1,"5":1,"6":1,"7":1,"8":1,"9":1,"10":1,"11":1,"12":1,"13":1},"fnMap":{"1":{"name":"setMockPrice","line":10,"loc":{"start":{"line":10,"column":4},"end":{"line":23,"column":4}}},"2":{"name":"getPriceUnsafe","line":25,"loc":{"start":{"line":25,"column":4},"end":{"line":27,"column":4}}},"3":{"name":"getPriceNoOlderThan","line":29,"loc":{"start":{"line":29,"column":4},"end":{"line":33,"column":4}}},"4":{"name":"getPrice","line":35,"loc":{"start":{"line":35,"column":4},"end":{"line":37,"column":4}}},"5":{"name":"getEmaPrice","line":39,"loc":{"start":{"line":39,"column":4},"end":{"line":41,"column":4}}},"6":{"name":"getEmaPriceUnsafe","line":43,"loc":{"start":{"line":43,"column":4},"end":{"line":45,"column":4}}},"7":{"name":"getEmaPriceNoOlderThan","line":47,"loc":{"start":{"line":47,"column":4},"end":{"line":49,"column":4}}},"8":{"name":"updatePriceFeeds","line":51,"loc":{"start":{"line":51,"column":4},"end":{"line":51,"column":75}}},"9":{"name":"updatePriceFeedsIfNecessary","line":53,"loc":{"start":{"line":53,"column":4},"end":{"line":53,"column":125}}},"10":{"name":"getUpdateFee","line":55,"loc":{"start":{"line":55,"column":4},"end":{"line":57,"column":4}}},"11":{"name":"parsePriceFeedUpdates","line":59,"loc":{"start":{"line":59,"column":4},"end":{"line":66,"column":4}}},"12":{"name":"parsePriceFeedUpdatesUnique","line":68,"loc":{"start":{"line":68,"column":4},"end":{"line":75,"column":4}}},"13":{"name":"getValidTimePeriod","line":77,"loc":{"start":{"line":77,"column":4},"end":{"line":79,"column":4}}}},"statementMap":{"1":{"start":{"line":26,"column":8},"end":{"line":26,"column":25}},"2":{"start":{"line":30,"column":8},"end":{"line":30,"column":51}},"3":{"start":{"line":31,"column":8},"end":{"line":31,"column":75}},"4":{"start":{"line":32,"column":8},"end":{"line":32,"column":20}},"5":{"start":{"line":36,"column":8},"end":{"line":36,"column":32}},"6":{"start":{"line":40,"column":8},"end":{"line":40,"column":32}},"7":{"start":{"line":44,"column":8},"end":{"line":44,"column":32}},"8":{"start":{"line":48,"column":8},"end":{"line":48,"column":32}},"9":{"start":{"line":56,"column":8},"end":{"line":56,"column":16}},"10":{"start":{"line":65,"column":8},"end":{"line":65,"column":32}},"11":{"start":{"line":74,"column":8},"end":{"line":74,"column":32}},"12":{"start":{"line":78,"column":8},"end":{"line":78,"column":17}}},"branchMap":{"1":{"line":31,"type":"if","locations":[{"start":{"line":31,"column":8},"end":{"line":31,"column":8}},{"start":{"line":31,"column":8},"end":{"line":31,"column":8}}]}}},"src\\PriceConsumer.sol":{"l":{"13":44,"14":43,"18":16,"19":16,"27":6,"28":4,"32":15,"34":15,"35":4,"37":11,"46":6,"47":6,"48":6,"50":6,"51":12,"52":12,"53":12,"55":12,"58":6,"62":5,"63":5},"path":"C:\\Users\\amir2\\OneDrive\\دسکتاپ\\pyth-oracle-dapp\\bounties\\03-pyth-price-feed-demo\\contracts\\src\\PriceConsumer.sol","s":{"1":44,"2":16,"3":16,"4":6,"5":4,"6":15,"7":15,"8":4,"9":11,"10":6,"11":6,"12":12,"13":6,"14":5,"15":5},"b":{"1":[43,1],"2":[4,11]},"f":{"1":44,"2":16,"3":6,"4":15,"5":6,"6":5},"fnMap":{"1":{"name":"constructor","line":12,"loc":{"start":{"line":12,"column":4},"end":{"line":15,"column":4}}},"2":{"name":"getLatestPrice","line":17,"loc":{"start":{"line":17,"column":4},"end":{"line":20,"column":4}}},"3":{"name":"getLatestPriceNoOlderThan","line":22,"loc":{"start":{"line":22,"column":4},"end":{"line":29,"column":4}}},"4":{"name":"getFormattedPrice","line":31,"loc":{"start":{"line":31,"column":4},"end":{"line":39,"column":4}}},"5":{"name":"getBatchPrices","line":41,"loc":{"start":{"line":41,"column":4},"end":{"line":59,"column":4}}},"6":{"name":"isPriceStale","line":61,"loc":{"start":{"line":61,"column":4},"end":{"line":64,"column":4}}}},"statementMap":{"1":{"start":{"line":13,"column":8},"end":{"line":13,"column":66}},"2":{"start":{"line":18,"column":8},"end":{"line":18,"column":73}},"3":{"start":{"line":19,"column":8},"end":{"line":19,"column":63}},"4":{"start":{"line":27,"column":8},"end":{"line":27,"column":86}},"5":{"start":{"line":28,"column":8},"end":{"line":28,"column":63}},"6":{"start":{"line":32,"column":8},"end":{"line":32,"column":73}},"7":{"start":{"line":34,"column":8},"end":{"line":34,"column":1268}},"8":{"start":{"line":35,"column":12},"end":{"line":35,"column":84}},"9":{"start":{"line":37,"column":12},"end":{"line":37,"column":94}},"10":{"start":{"line":46,"column":8},"end":{"line":46,"column":40}},"11":{"start":{"line":50,"column":8},"end":{"line":50,"column":1836}},"12":{"start":{"line":51,"column":12},"end":{"line":51,"column":81}},"13":{"start":{"line":58,"column":8},"end":{"line":58,"column":35}},"14":{"start":{"line":62,"column":8},"end":{"line":62,"column":73}},"15":{"start":{"line":63,"column":8},"end":{"line":63,"column":65}}},"branchMap":{"1":{"line":13,"type":"if","locations":[{"start":{"line":13,"column":8},"end":{"line":13,"column":8}},{"start":{"line":13,"column":8},"end":{"line":13,"column":8}}]},"2":{"line":34,"type":"if","locations":[{"start":{"line":34,"column":8},"end":{"line":34,"column":8}},{"start":{"line":34,"column":8},"end":{"line":34,"column":8}}]}}},"src\\PriceFeedBetting.sol":{"l":{"47":33,"48":32,"49":32,"58":29,"59":2,"62":27,"63":2,"66":25,"67":2,"70":23,"72":23,"83":23,"85":23,"89":10,"91":10,"92":1,"95":9,"96":1,"99":8,"101":8,"105":16,"106":8,"108":8,"109":6,"110":6,"111":6,"113":6,"114":6,"117":8,"121":1,"125":11,"129":2,"131":1,"132":1,"134":1,"135":1,"137":1},"path":"C:\\Users\\amir2\\OneDrive\\دسکتاپ\\pyth-oracle-dapp\\bounties\\03-pyth-price-feed-demo\\contracts\\src\\PriceFeedBetting.sol","s":{"1":33,"2":29,"3":27,"4":25,"5":23,"6":23,"7":10,"8":10,"9":9,"10":8,"11":8,"12":8,"13":6,"14":6,"15":6,"16":6,"17":8,"18":1,"19":11,"20":2,"21":1,"22":1,"23":1,"24":1},"b":{"1":[32,1],"2":[2,27],"3":[1,1],"4":[2,25],"5":[1,1],"6":[2,23],"7":[1,9],"8":[1,8],"9":[6,2],"10":[6,2],"11":[0,6],"12":[1,1],"13":[0,1]},"f":{"1":33,"2":29,"3":10,"4":1,"5":11,"6":2},"fnMap":{"1":{"name":"constructor","line":46,"loc":{"start":{"line":46,"column":4},"end":{"line":50,"column":4}}},"2":{"name":"placeBet","line":52,"loc":{"start":{"line":52,"column":4},"end":{"line":86,"column":4}}},"3":{"name":"settleBet","line":88,"loc":{"start":{"line":88,"column":4},"end":{"line":118,"column":4}}},"4":{"name":"getUserBets","line":120,"loc":{"start":{"line":120,"column":4},"end":{"line":122,"column":4}}},"5":{"name":"getBet","line":124,"loc":{"start":{"line":124,"column":4},"end":{"line":126,"column":4}}},"6":{"name":"withdrawFees","line":128,"loc":{"start":{"line":128,"column":4},"end":{"line":138,"column":4}}}},"statementMap":{"1":{"start":{"line":47,"column":8},"end":{"line":47,"column":66}},"2":{"start":{"line":58,"column":8},"end":{"line":58,"column":1781}},"3":{"start":{"line":62,"column":8},"end":{"line":62,"column":1901}},"4":{"start":{"line":66,"column":8},"end":{"line":66,"column":2028}},"5":{"start":{"line":83,"column":8},"end":{"line":83,"column":39}},"6":{"start":{"line":85,"column":8},"end":{"line":85,"column":74}},"7":{"start":{"line":89,"column":8},"end":{"line":89,"column":37}},"8":{"start":{"line":91,"column":8},"end":{"line":91,"column":2739}},"9":{"start":{"line":95,"column":8},"end":{"line":95,"column":2829}},"10":{"start":{"line":99,"column":8},"end":{"line":99,"column":77}},"11":{"start":{"line":101,"column":8},"end":{"line":101,"column":3064}},"12":{"start":{"line":108,"column":8},"end":{"line":108,"column":3236}},"13":{"start":{"line":109,"column":12},"end":{"line":109,"column":63}},"14":{"start":{"line":110,"column":12},"end":{"line":110,"column":51}},"15":{"start":{"line":113,"column":12},"end":{"line":113,"column":65}},"16":{"start":{"line":114,"column":12},"end":{"line":114,"column":49}},"17":{"start":{"line":117,"column":8},"end":{"line":117,"column":52}},"18":{"start":{"line":121,"column":8},"end":{"line":121,"column":29}},"19":{"start":{"line":125,"column":8},"end":{"line":125,"column":26}},"20":{"start":{"line":129,"column":8},"end":{"line":129,"column":54}},"21":{"start":{"line":131,"column":8},"end":{"line":131,"column":38}},"22":{"start":{"line":134,"column":8},"end":{"line":134,"column":56}},"23":{"start":{"line":135,"column":8},"end":{"line":135,"column":45}},"24":{"start":{"line":137,"column":8},"end":{"line":137,"column":34}}},"branchMap":{"1":{"line":47,"type":"if","locations":[{"start":{"line":47,"column":8},"end":{"line":47,"column":8}},{"start":{"line":47,"column":8},"end":{"line":47,"column":8}}]},"2":{"line":58,"type":"if","locations":[{"start":{"line":58,"column":8},"end":{"line":58,"column":8}},{"start":{"line":58,"column":8},"end":{"line":58,"column":8}}]},"3":{"line":58,"type":"cond-expr","locations":[{"start":{"line":58,"column":12},"end":{"line":58,"column":30}},{"start":{"line":58,"column":35},"end":{"line":58,"column":53}}]},"4":{"line":62,"type":"if","locations":[{"start":{"line":62,"column":8},"end":{"line":62,"column":8}},{"start":{"line":62,"column":8},"end":{"line":62,"column":8}}]},"5":{"line":62,"type":"cond-expr","locations":[{"start":{"line":62,"column":12},"end":{"line":62,"column":34}},{"start":{"line":62,"column":39},"end":{"line":62,"column":61}}]},"6":{"line":66,"type":"if","locations":[{"start":{"line":66,"column":8},"end":{"line":66,"column":8}},{"start":{"line":66,"column":8},"end":{"line":66,"column":8}}]},"7":{"line":91,"type":"if","locations":[{"start":{"line":91,"column":8},"end":{"line":91,"column":8}},{"start":{"line":91,"column":8},"end":{"line":91,"column":8}}]},"8":{"line":95,"type":"if","locations":[{"start":{"line":95,"column":8},"end":{"line":95,"column":8}},{"start":{"line":95,"column":8},"end":{"line":95,"column":8}}]},"9":{"line":102,"type":"if","locations":[{"start":{"line":102,"column":14},"end":{"line":102,"column":47}},{"start":{"line":103,"column":14},"end":{"line":103,"column":47}}]},"10":{"line":108,"type":"if","locations":[{"start":{"line":108,"column":8},"end":{"line":108,"column":8}},{"start":{"line":108,"column":8},"end":{"line":108,"column":8}}]},"11":{"line":114,"type":"if","locations":[{"start":{"line":114,"column":12},"end":{"line":114,"column":12}},{"start":{"line":114,"column":12},"end":{"line":114,"column":12}}]},"12":{"line":129,"type":"if","locations":[{"start":{"line":129,"column":8},"end":{"line":129,"column":8}},{"start":{"line":129,"column":8},"end":{"line":129,"column":8}}]},"13":{"line":135,"type":"if","locations":[{"start":{"line":135,"column":8},"end":{"line":135,"column":8}},{"start":{"line":135,"column":8},"end":{"line":135,"column":8}}]}}},"src\\utils\\FallbackOracle.sol":{"l":{"22":4,"23":2,"27":11,"28":11,"32":13,"33":12,"34":12,"38":2,"39":2,"43":7,"44":7,"48":3,"49":3,"53":2,"54":1,"55":1,"56":1,"60":3,"61":2,"62":2,"64":1,"65":1,"70":2},"path":"C:\\Users\\amir2\\OneDrive\\دسکتاپ\\pyth-oracle-dapp\\bounties\\03-pyth-price-feed-demo\\contracts\\src\\utils\\FallbackOracle.sol","s":{"1":4,"2":11,"3":13,"4":12,"5":2,"6":7,"7":3,"8":2,"9":1,"10":1,"11":3,"12":2,"13":1,"14":2},"b":{"1":[2,2],"2":[11,0],"3":[13,1],"4":[12,1],"5":[2,1],"6":[7,0],"7":[3,0],"8":[2,2],"9":[1,1],"10":[1,0],"11":[2,1],"12":[1,1]},"f":{"1":4,"2":11,"3":13,"4":2,"5":7,"6":3,"7":2,"8":3,"9":2},"fnMap":{"1":{"name":"onlyTrustedUpdater","line":21,"loc":{"start":{"line":21,"column":4},"end":{"line":24,"column":4}}},"2":{"name":"constructor","line":26,"loc":{"start":{"line":26,"column":4},"end":{"line":29,"column":4}}},"3":{"name":"addTrustedUpdater","line":31,"loc":{"start":{"line":31,"column":4},"end":{"line":35,"column":4}}},"4":{"name":"removeTrustedUpdater","line":37,"loc":{"start":{"line":37,"column":4},"end":{"line":40,"column":4}}},"5":{"name":"enterFallbackMode","line":42,"loc":{"start":{"line":42,"column":4},"end":{"line":45,"column":4}}},"6":{"name":"exitFallbackMode","line":47,"loc":{"start":{"line":47,"column":4},"end":{"line":50,"column":4}}},"7":{"name":"updateFallbackPrice","line":52,"loc":{"start":{"line":52,"column":4},"end":{"line":57,"column":4}}},"8":{"name":"getPrice","line":59,"loc":{"start":{"line":59,"column":4},"end":{"line":67,"column":4}}},"9":{"name":"isInFallbackMode","line":69,"loc":{"start":{"line":69,"column":4},"end":{"line":71,"column":4}}}},"statementMap":{"1":{"start":{"line":22,"column":8},"end":{"line":22,"column":68}},"2":{"start":{"line":27,"column":8},"end":{"line":27,"column":66}},"3":{"start":{"line":32,"column":8},"end":{"line":32,"column":56}},"4":{"start":{"line":34,"column":8},"end":{"line":34,"column":41}},"5":{"start":{"line":39,"column":8},"end":{"line":39,"column":43}},"6":{"start":{"line":44,"column":8},"end":{"line":44,"column":41}},"7":{"start":{"line":49,"column":8},"end":{"line":49,"column":40}},"8":{"start":{"line":53,"column":8},"end":{"line":53,"column":61}},"9":{"start":{"line":54,"column":8},"end":{"line":54,"column":42}},"10":{"start":{"line":56,"column":8},"end":{"line":56,"column":49}},"11":{"start":{"line":60,"column":8},"end":{"line":60,"column":2265}},"12":{"start":{"line":62,"column":12},"end":{"line":62,"column":55}},"13":{"start":{"line":64,"column":12},"end":{"line":64,"column":86}},"14":{"start":{"line":70,"column":8},"end":{"line":70,"column":36}}},"branchMap":{"1":{"line":22,"type":"if","locations":[{"start":{"line":22,"column":8},"end":{"line":22,"column":8}},{"start":{"line":22,"column":8},"end":{"line":22,"column":8}}]},"2":{"line":27,"type":"if","locations":[{"start":{"line":27,"column":8},"end":{"line":27,"column":8}},{"start":{"line":27,"column":8},"end":{"line":27,"column":8}}]},"3":{"line":31,"type":"if","locations":[{"start":{"line":31,"column":57},"end":{"line":31,"column":57}},{"start":{"line":31,"column":57},"end":{"line":31,"column":57}}]},"4":{"line":32,"type":"if","locations":[{"start":{"line":32,"column":8},"end":{"line":32,"column":8}},{"start":{"line":32,"column":8},"end":{"line":32,"column":8}}]},"5":{"line":37,"type":"if","locations":[{"start":{"line":37,"column":60},"end":{"line":37,"column":60}},{"start":{"line":37,"column":60},"end":{"line":37,"column":60}}]},"6":{"line":42,"type":"if","locations":[{"start":{"line":42,"column":57},"end":{"line":42,"column":57}},{"start":{"line":42,"column":57},"end":{"line":42,"column":57}}]},"7":{"line":47,"type":"if","locations":[{"start":{"line":47,"column":56},"end":{"line":47,"column":56}},{"start":{"line":47,"column":56},"end":{"line":47,"column":56}}]},"8":{"line":52,"type":"if","locations":[{"start":{"line":52,"column":72},"end":{"line":52,"column":72}},{"start":{"line":52,"column":72},"end":{"line":52,"column":72}}]},"9":{"line":53,"type":"if","locations":[{"start":{"line":53,"column":8},"end":{"line":53,"column":8}},{"start":{"line":53,"column":8},"end":{"line":53,"column":8}}]},"10":{"line":54,"type":"if","locations":[{"start":{"line":54,"column":8},"end":{"line":54,"column":8}},{"start":{"line":54,"column":8},"end":{"line":54,"column":8}}]},"11":{"line":60,"type":"if","locations":[{"start":{"line":60,"column":8},"end":{"line":60,"column":8}},{"start":{"line":60,"column":8},"end":{"line":60,"column":8}}]},"12":{"line":62,"type":"if","locations":[{"start":{"line":62,"column":12},"end":{"line":62,"column":12}},{"start":{"line":62,"column":12},"end":{"line":62,"column":12}}]}}},"src\\utils\\PythOracleUtils.sol":{"l":{"23":2,"24":1,"31":2,"33":2,"34":2,"35":1,"38":1,"39":0,"42":1,"43":0,"46":1,"52":6,"53":1,"56":5,"58":5,"59":2,"61":3,"62":3,"63":1,"65":2,"73":3,"75":3,"76":3,"82":2,"83":1,"90":2,"97":3,"99":2,"100":2,"101":3,"102":3,"103":3,"106":2,"113":2,"115":1,"119":1,"127":3,"129":2,"130":1,"132":1},"path":"C:\\Users\\amir2\\OneDrive\\دسکتاپ\\pyth-oracle-dapp\\bounties\\03-pyth-price-feed-demo\\contracts\\src\\utils\\PythOracleUtils.sol","s":{"1":2,"2":1,"3":2,"4":2,"5":2,"6":1,"7":1,"8":1,"9":6,"10":5,"11":5,"12":2,"13":3,"14":3,"15":1,"16":2,"17":3,"18":0,"19":3,"20":3,"21":2,"22":1,"23":1,"24":2,"25":3,"26":2,"27":2,"28":3,"29":2,"30":2,"31":1,"32":1,"33":1,"34":3,"35":1,"36":2,"37":1,"38":1},"b":{"1":[1,1],"2":[0,1],"3":[0,1],"4":[1,5],"5":[2,3],"6":[1,2],"7":[0,3],"8":[1,1],"9":[2,1],"10":[1,1],"11":[1,0],"12":[1,0],"13":[1,2],"14":[1,1]},"f":{"1":2,"2":2,"3":6,"4":3,"5":2,"6":2,"7":3,"8":2,"9":3},"fnMap":{"1":{"name":"getPriceWithAge","line":18,"loc":{"start":{"line":18,"column":4},"end":{"line":25,"column":4}}},"2":{"name":"getSafePrice","line":27,"loc":{"start":{"line":27,"column":4},"end":{"line":47,"column":4}}},"3":{"name":"formatPrice","line":49,"loc":{"start":{"line":49,"column":4},"end":{"line":68,"column":4}}},"4":{"name":"isPriceReliable","line":70,"loc":{"start":{"line":70,"column":4},"end":{"line":77,"column":4}}},"5":{"name":"getConfidenceRatio","line":79,"loc":{"start":{"line":79,"column":4},"end":{"line":84,"column":4}}},"6":{"name":"isPriceStale","line":86,"loc":{"start":{"line":86,"column":4},"end":{"line":91,"column":4}}},"7":{"name":"getAveragePrice","line":93,"loc":{"start":{"line":93,"column":4},"end":{"line":107,"column":4}}},"8":{"name":"getPriceDifference","line":109,"loc":{"start":{"line":109,"column":4},"end":{"line":120,"column":4}}},"9":{"name":"convertDecimals","line":122,"loc":{"start":{"line":122,"column":4},"end":{"line":134,"column":4}}}},"statementMap":{"1":{"start":{"line":23,"column":8},"end":{"line":23,"column":86}},"2":{"start":{"line":24,"column":8},"end":{"line":24,"column":63}},"3":{"start":{"line":31,"column":8},"end":{"line":31,"column":73}},"4":{"start":{"line":33,"column":8},"end":{"line":33,"column":61}},"5":{"start":{"line":34,"column":8},"end":{"line":34,"column":1237}},"6":{"start":{"line":38,"column":8},"end":{"line":38,"column":1347}},"7":{"start":{"line":42,"column":8},"end":{"line":42,"column":1456}},"8":{"start":{"line":46,"column":8},"end":{"line":46,"column":30}},"9":{"start":{"line":52,"column":8},"end":{"line":52,"column":1748}},"10":{"start":{"line":56,"column":8},"end":{"line":56,"column":60}},"11":{"start":{"line":58,"column":8},"end":{"line":58,"column":1930}},"12":{"start":{"line":59,"column":12},"end":{"line":59,"column":61}},"13":{"start":{"line":61,"column":12},"end":{"line":61,"column":52}},"14":{"start":{"line":62,"column":12},"end":{"line":62,"column":2111}},"15":{"start":{"line":63,"column":16},"end":{"line":63,"column":80}},"16":{"start":{"line":65,"column":16},"end":{"line":65,"column":80}},"17":{"start":{"line":73,"column":8},"end":{"line":73,"column":46}},"18":{"start":{"line":73,"column":34},"end":{"line":73,"column":46}},"19":{"start":{"line":75,"column":8},"end":{"line":75,"column":91}},"20":{"start":{"line":76,"column":8},"end":{"line":76,"column":54}},"21":{"start":{"line":82,"column":8},"end":{"line":82,"column":58}},"22":{"start":{"line":82,"column":34},"end":{"line":82,"column":58}},"23":{"start":{"line":83,"column":8},"end":{"line":83,"column":72}},"24":{"start":{"line":90,"column":8},"end":{"line":90,"column":65}},"25":{"start":{"line":97,"column":8},"end":{"line":97,"column":54}},"26":{"start":{"line":99,"column":8},"end":{"line":99,"column":22}},"27":{"start":{"line":100,"column":8},"end":{"line":100,"column":3417}},"28":{"start":{"line":101,"column":12},"end":{"line":101,"column":81}},"29":{"start":{"line":106,"column":8},"end":{"line":106,"column":51}},"30":{"start":{"line":113,"column":8},"end":{"line":113,"column":64}},"31":{"start":{"line":113,"column":40},"end":{"line":113,"column":64}},"32":{"start":{"line":115,"column":8},"end":{"line":115,"column":3947}},"33":{"start":{"line":119,"column":8},"end":{"line":119,"column":53}},"34":{"start":{"line":127,"column":8},"end":{"line":127,"column":52}},"35":{"start":{"line":127,"column":40},"end":{"line":127,"column":52}},"36":{"start":{"line":129,"column":8},"end":{"line":129,"column":4346}},"37":{"start":{"line":130,"column":12},"end":{"line":130,"column":62}},"38":{"start":{"line":132,"column":12},"end":{"line":132,"column":62}}},"branchMap":{"1":{"line":34,"type":"if","locations":[{"start":{"line":34,"column":8},"end":{"line":34,"column":8}},{"start":{"line":34,"column":8},"end":{"line":34,"column":8}}]},"2":{"line":38,"type":"if","locations":[{"start":{"line":38,"column":8},"end":{"line":38,"column":8}},{"start":{"line":38,"column":8},"end":{"line":38,"column":8}}]},"3":{"line":42,"type":"if","locations":[{"start":{"line":42,"column":8},"end":{"line":42,"column":8}},{"start":{"line":42,"column":8},"end":{"line":42,"column":8}}]},"4":{"line":52,"type":"if","locations":[{"start":{"line":52,"column":8},"end":{"line":52,"column":8}},{"start":{"line":52,"column":8},"end":{"line":52,"column":8}}]},"5":{"line":58,"type":"if","locations":[{"start":{"line":58,"column":8},"end":{"line":58,"column":8}},{"start":{"line":58,"column":8},"end":{"line":58,"column":8}}]},"6":{"line":62,"type":"if","locations":[{"start":{"line":62,"column":12},"end":{"line":62,"column":12}},{"start":{"line":62,"column":12},"end":{"line":62,"column":12}}]},"7":{"line":73,"type":"if","locations":[{"start":{"line":73,"column":8},"end":{"line":73,"column":8}},{"start":{"line":73,"column":8},"end":{"line":73,"column":8}}]},"8":{"line":82,"type":"if","locations":[{"start":{"line":82,"column":8},"end":{"line":82,"column":8}},{"start":{"line":82,"column":8},"end":{"line":82,"column":8}}]},"9":{"line":97,"type":"if","locations":[{"start":{"line":97,"column":8},"end":{"line":97,"column":8}},{"start":{"line":97,"column":8},"end":{"line":97,"column":8}}]},"10":{"line":113,"type":"if","locations":[{"start":{"line":113,"column":8},"end":{"line":113,"column":8}},{"start":{"line":113,"column":8},"end":{"line":113,"column":8}}]},"11":{"line":113,"type":"cond-expr","locations":[{"start":{"line":113,"column":12},"end":{"line":113,"column":22}},{"start":{"line":113,"column":27},"end":{"line":113,"column":37}}]},"12":{"line":116,"type":"if","locations":[{"start":{"line":116,"column":14},"end":{"line":116,"column":45}},{"start":{"line":117,"column":14},"end":{"line":117,"column":45}}]},"13":{"line":127,"type":"if","locations":[{"start":{"line":127,"column":8},"end":{"line":127,"column":8}},{"start":{"line":127,"column":8},"end":{"line":127,"column":8}}]},"14":{"line":129,"type":"if","locations":[{"start":{"line":129,"column":8},"end":{"line":129,"column":8}},{"start":{"line":129,"column":8},"end":{"line":129,"column":8}}]}}},"src\\utils\\PythOracleUtilsWrapper.sol":{"l":{"12":24,"16":6,"20":0,"24":2,"28":2,"32":2,"36":2,"40":2,"44":3,"48":2,"52":3},"path":"C:\\Users\\amir2\\OneDrive\\دسکتاپ\\pyth-oracle-dapp\\bounties\\03-pyth-price-feed-demo\\contracts\\src\\utils\\PythOracleUtilsWrapper.sol","s":{"1":6,"2":0,"3":2,"4":2,"5":2,"6":2,"7":2,"8":3,"9":2,"10":3},"b":{},"f":{"1":24,"2":6,"3":0,"4":2,"5":2,"6":2,"7":2,"8":2,"9":3,"10":2,"11":3},"fnMap":{"1":{"name":"constructor","line":11,"loc":{"start":{"line":11,"column":4},"end":{"line":13,"column":4}}},"2":{"name":"formatPrice","line":15,"loc":{"start":{"line":15,"column":4},"end":{"line":17,"column":4}}},"3":{"name":"formatPricePublic","line":19,"loc":{"start":{"line":19,"column":4},"end":{"line":21,"column":4}}},"4":{"name":"isPriceReliable","line":23,"loc":{"start":{"line":23,"column":4},"end":{"line":25,"column":4}}},"5":{"name":"getConfidenceRatio","line":27,"loc":{"start":{"line":27,"column":4},"end":{"line":29,"column":4}}},"6":{"name":"isPriceStale","line":31,"loc":{"start":{"line":31,"column":4},"end":{"line":33,"column":4}}},"7":{"name":"getSafePrice","line":35,"loc":{"start":{"line":35,"column":4},"end":{"line":37,"column":4}}},"8":{"name":"getPriceWithAge","line":39,"loc":{"start":{"line":39,"column":4},"end":{"line":41,"column":4}}},"9":{"name":"getAveragePrice","line":43,"loc":{"start":{"line":43,"column":4},"end":{"line":45,"column":4}}},"10":{"name":"getPriceDifference","line":47,"loc":{"start":{"line":47,"column":4},"end":{"line":49,"column":4}}},"11":{"name":"convertDecimals","line":51,"loc":{"start":{"line":51,"column":4},"end":{"line":53,"column":4}}}},"statementMap":{"1":{"start":{"line":16,"column":8},"end":{"line":16,"column":53}},"2":{"start":{"line":20,"column":8},"end":{"line":20,"column":53}},"3":{"start":{"line":24,"column":8},"end":{"line":24,"column":57}},"4":{"start":{"line":28,"column":8},"end":{"line":28,"column":60}},"5":{"start":{"line":32,"column":8},"end":{"line":32,"column":62}},"6":{"start":{"line":36,"column":8},"end":{"line":36,"column":58}},"7":{"start":{"line":40,"column":8},"end":{"line":40,"column":69}},"8":{"start":{"line":44,"column":8},"end":{"line":44,"column":62}},"9":{"start":{"line":48,"column":8},"end":{"line":48,"column":65}},"10":{"start":{"line":52,"column":8},"end":{"line":52,"column":79}}},"branchMap":{}}}